2017-08-29 17:52:23 [main] INFO  o.s.c.a.AnnotationConfigApplicationContext - Refreshing org.springframework.context.annotation.AnnotationConfigApplicationContext@579a25f4: startup date [Tue Aug 29 17:52:23 CST 2017]; root of context hierarchy
2017-08-29 17:52:24 [background-preinit] INFO  o.h.validator.internal.util.Version - HV000001: Hibernate Validator 5.4.1.Final
2017-08-29 17:52:24 [main] INFO  o.s.b.f.a.AutowiredAnnotationBeanPostProcessor - JSR-330 'javax.inject.Inject' annotation found and supported for autowiring
2017-08-29 17:52:24 [main] INFO  o.s.c.s.PostProcessorRegistrationDelegate$BeanPostProcessorChecker - Bean 'configurationPropertiesRebinderAutoConfiguration' of type [org.springframework.cloud.autoconfigure.ConfigurationPropertiesRebinderAutoConfiguration$$EnhancerBySpringCGLIB$$26caabc4] is not eligible for getting processed by all BeanPostProcessors (for example: not eligible for auto-proxying)
2017-08-29 17:52:24 [main] INFO  org.vm.server.gateway.Application - No active profile set, falling back to default profiles: default
2017-08-29 17:52:25 [main] INFO  o.s.b.w.s.c.AnnotationConfigServletWebServerApplicationContext - Refreshing org.springframework.boot.web.servlet.context.AnnotationConfigServletWebServerApplicationContext@442d188a: startup date [Tue Aug 29 17:52:25 CST 2017]; parent: org.springframework.context.annotation.AnnotationConfigApplicationContext@579a25f4
2017-08-29 17:52:26 [main] INFO  o.s.b.f.s.DefaultListableBeanFactory - Overriding bean definition for bean 'counterFactory' with a different definition: replacing [Root bean: class [null]; scope=; abstract=false; lazyInit=false; autowireMode=3; dependencyCheck=0; autowireCandidate=true; primary=false; factoryBeanName=org.springframework.cloud.netflix.zuul.ZuulServerAutoConfiguration$ZuulMetricsConfiguration; factoryMethodName=counterFactory; initMethodName=null; destroyMethodName=(inferred); defined in class path resource [org/springframework/cloud/netflix/zuul/ZuulServerAutoConfiguration$ZuulMetricsConfiguration.class]] with [Root bean: class [null]; scope=; abstract=false; lazyInit=false; autowireMode=3; dependencyCheck=0; autowireCandidate=true; primary=false; factoryBeanName=org.springframework.cloud.netflix.zuul.ZuulServerAutoConfiguration$ZuulCounterFactoryConfiguration; factoryMethodName=counterFactory; initMethodName=null; destroyMethodName=(inferred); defined in class path resource [org/springframework/cloud/netflix/zuul/ZuulServerAutoConfiguration$ZuulCounterFactoryConfiguration.class]]
2017-08-29 17:52:26 [main] INFO  o.s.cloud.context.scope.GenericScope - BeanFactory id=81c2cd5e-0352-3ae6-a26d-31a673f5479f
2017-08-29 17:52:26 [main] INFO  o.s.b.f.a.AutowiredAnnotationBeanPostProcessor - JSR-330 'javax.inject.Inject' annotation found and supported for autowiring
2017-08-29 17:52:26 [main] INFO  o.s.c.s.PostProcessorRegistrationDelegate$BeanPostProcessorChecker - Bean 'org.springframework.cloud.netflix.metrics.MetricsInterceptorConfiguration$MetricsRestTemplateConfiguration' of type [org.springframework.cloud.netflix.metrics.MetricsInterceptorConfiguration$MetricsRestTemplateConfiguration$$EnhancerBySpringCGLIB$$3cdd4f08] is not eligible for getting processed by all BeanPostProcessors (for example: not eligible for auto-proxying)
2017-08-29 17:52:27 [main] INFO  o.s.c.s.PostProcessorRegistrationDelegate$BeanPostProcessorChecker - Bean 'org.springframework.cloud.autoconfigure.ConfigurationPropertiesRebinderAutoConfiguration' of type [org.springframework.cloud.autoconfigure.ConfigurationPropertiesRebinderAutoConfiguration$$EnhancerBySpringCGLIB$$26caabc4] is not eligible for getting processed by all BeanPostProcessors (for example: not eligible for auto-proxying)
2017-08-29 17:52:28 [main] INFO  o.s.b.w.e.tomcat.TomcatWebServer - Tomcat initialized with port(s): 8009 (http)
2017-08-29 17:52:28 [main] INFO  o.a.catalina.core.StandardService - Starting service [Tomcat]
2017-08-29 17:52:28 [main] INFO  o.a.catalina.core.StandardEngine - Starting Servlet Engine: Apache Tomcat/8.5.16
2017-08-29 17:52:28 [localhost-startStop-1] INFO  o.a.c.c.C.[Tomcat].[localhost].[/] - Initializing Spring embedded WebApplicationContext
2017-08-29 17:52:28 [localhost-startStop-1] INFO  o.s.web.context.ContextLoader - Root WebApplicationContext: initialization completed in 3213 ms
2017-08-29 17:52:29 [localhost-startStop-1] INFO  o.s.b.w.s.ServletRegistrationBean - Mapping servlet: 'dispatcherServlet' to [/]
2017-08-29 17:52:29 [localhost-startStop-1] INFO  o.s.b.w.s.ServletRegistrationBean - Mapping servlet: 'zuulServlet' to [/zuul/*]
2017-08-29 17:52:29 [localhost-startStop-1] INFO  o.s.b.w.s.FilterRegistrationBean - Mapping filter: 'metricsFilter' to: [/*]
2017-08-29 17:52:29 [localhost-startStop-1] INFO  o.s.b.w.s.FilterRegistrationBean - Mapping filter: 'characterEncodingFilter' to: [/*]
2017-08-29 17:52:29 [localhost-startStop-1] INFO  o.s.b.w.s.FilterRegistrationBean - Mapping filter: 'hiddenHttpMethodFilter' to: [/*]
2017-08-29 17:52:29 [localhost-startStop-1] INFO  o.s.b.w.s.FilterRegistrationBean - Mapping filter: 'httpPutFormContentFilter' to: [/*]
2017-08-29 17:52:29 [localhost-startStop-1] INFO  o.s.b.w.s.FilterRegistrationBean - Mapping filter: 'requestContextFilter' to: [/*]
2017-08-29 17:52:29 [localhost-startStop-1] INFO  o.s.b.w.s.FilterRegistrationBean - Mapping filter: 'webRequestLoggingFilter' to: [/*]
2017-08-29 17:52:29 [main] WARN  c.n.c.sources.URLConfigurationSource - No URLs will be polled as dynamic configuration sources.
2017-08-29 17:52:29 [main] INFO  c.n.c.sources.URLConfigurationSource - To enable URLs as dynamic configuration sources, define System property archaius.configurationSource.additionalUrls or make config.properties available on classpath.
2017-08-29 17:52:29 [main] INFO  c.n.config.DynamicPropertyFactory - DynamicPropertyFactory is initialized with configuration sources: com.netflix.config.ConcurrentCompositeConfiguration@6429ba5d
2017-08-29 17:52:30 [main] WARN  c.n.c.sources.URLConfigurationSource - No URLs will be polled as dynamic configuration sources.
2017-08-29 17:52:30 [main] INFO  c.n.c.sources.URLConfigurationSource - To enable URLs as dynamic configuration sources, define System property archaius.configurationSource.additionalUrls or make config.properties available on classpath.
2017-08-29 17:52:31 [main] INFO  o.s.w.s.m.m.a.RequestMappingHandlerAdapter - Looking for @ControllerAdvice: org.springframework.boot.web.servlet.context.AnnotationConfigServletWebServerApplicationContext@442d188a: startup date [Tue Aug 29 17:52:25 CST 2017]; parent: org.springframework.context.annotation.AnnotationConfigApplicationContext@579a25f4
2017-08-29 17:52:31 [main] INFO  o.s.w.s.m.m.a.RequestMappingHandlerMapping - Mapped "{[/error]}" onto public org.springframework.http.ResponseEntity<java.util.Map<java.lang.String, java.lang.Object>> org.springframework.boot.autoconfigure.web.servlet.error.BasicErrorController.error(javax.servlet.http.HttpServletRequest)
2017-08-29 17:52:31 [main] INFO  o.s.w.s.m.m.a.RequestMappingHandlerMapping - Mapped "{[/error],produces=[text/html]}" onto public org.springframework.web.servlet.ModelAndView org.springframework.boot.autoconfigure.web.servlet.error.BasicErrorController.errorHtml(javax.servlet.http.HttpServletRequest,javax.servlet.http.HttpServletResponse)
2017-08-29 17:52:31 [main] INFO  o.s.w.s.h.SimpleUrlHandlerMapping - Mapped URL path [/webjars/**] onto handler of type [class org.springframework.web.servlet.resource.ResourceHttpRequestHandler]
2017-08-29 17:52:31 [main] INFO  o.s.w.s.h.SimpleUrlHandlerMapping - Mapped URL path [/**] onto handler of type [class org.springframework.web.servlet.resource.ResourceHttpRequestHandler]
2017-08-29 17:52:31 [main] INFO  o.s.w.s.h.SimpleUrlHandlerMapping - Mapped URL path [/**/favicon.ico] onto handler of type [class org.springframework.web.servlet.resource.ResourceHttpRequestHandler]
2017-08-29 17:52:33 [main] INFO  o.s.c.n.zuul.ZuulFilterInitializer - Starting filter initializer
2017-08-29 17:52:34 [main] INFO  o.s.j.e.a.AnnotationMBeanExporter - Registering beans for JMX exposure on startup
2017-08-29 17:52:34 [main] INFO  o.s.j.e.a.AnnotationMBeanExporter - Bean with name 'environmentManager' has been autodetected for JMX exposure
2017-08-29 17:52:34 [main] INFO  o.s.j.e.a.AnnotationMBeanExporter - Bean with name 'configurationPropertiesRebinder' has been autodetected for JMX exposure
2017-08-29 17:52:34 [main] INFO  o.s.j.e.a.AnnotationMBeanExporter - Bean with name 'refreshEndpoint' has been autodetected for JMX exposure
2017-08-29 17:52:34 [main] INFO  o.s.j.e.a.AnnotationMBeanExporter - Bean with name 'restartEndpoint' has been autodetected for JMX exposure
2017-08-29 17:52:34 [main] INFO  o.s.j.e.a.AnnotationMBeanExporter - Bean with name 'serviceRegistryEndpoint' has been autodetected for JMX exposure
2017-08-29 17:52:34 [main] INFO  o.s.j.e.a.AnnotationMBeanExporter - Bean with name 'zuulEndpoint' has been autodetected for JMX exposure
2017-08-29 17:52:34 [main] INFO  o.s.j.e.a.AnnotationMBeanExporter - Bean with name 'zuulMvcEndpoint' has been autodetected for JMX exposure
2017-08-29 17:52:34 [main] INFO  o.s.j.e.a.AnnotationMBeanExporter - Bean with name 'refreshScope' has been autodetected for JMX exposure
2017-08-29 17:52:34 [main] INFO  o.s.j.e.a.AnnotationMBeanExporter - Located managed bean 'environmentManager': registering with JMX server as MBean [org.springframework.cloud.context.environment:name=environmentManager,type=EnvironmentManager]
2017-08-29 17:52:34 [main] INFO  o.s.j.e.a.AnnotationMBeanExporter - Located managed bean 'zuulMvcEndpoint': registering with JMX server as MBean [org.springframework.cloud.netflix.zuul:name=zuulMvcEndpoint,type=RoutesMvcEndpoint]
2017-08-29 17:52:34 [main] INFO  o.s.j.e.a.AnnotationMBeanExporter - Located managed bean 'restartEndpoint': registering with JMX server as MBean [org.springframework.cloud.context.restart:name=restartEndpoint,type=RestartEndpoint]
2017-08-29 17:52:34 [main] INFO  o.s.j.e.a.AnnotationMBeanExporter - Located managed bean 'serviceRegistryEndpoint': registering with JMX server as MBean [org.springframework.cloud.client.serviceregistry.endpoint:name=serviceRegistryEndpoint,type=ServiceRegistryEndpoint]
2017-08-29 17:52:34 [main] INFO  o.s.j.e.a.AnnotationMBeanExporter - Located managed bean 'refreshScope': registering with JMX server as MBean [org.springframework.cloud.context.scope.refresh:name=refreshScope,type=RefreshScope]
2017-08-29 17:52:34 [main] INFO  o.s.j.e.a.AnnotationMBeanExporter - Located managed bean 'zuulEndpoint': registering with JMX server as MBean [org.springframework.cloud.netflix.zuul:name=zuulEndpoint,type=RoutesEndpoint]
2017-08-29 17:52:34 [main] WARN  o.s.j.e.a.AnnotationMBeanExporter - Bean with key 'zuulEndpoint' has been registered as an MBean but has no exposed attributes or operations
2017-08-29 17:52:34 [main] INFO  o.s.j.e.a.AnnotationMBeanExporter - Located managed bean 'configurationPropertiesRebinder': registering with JMX server as MBean [org.springframework.cloud.context.properties:name=configurationPropertiesRebinder,context=442d188a,type=ConfigurationPropertiesRebinder]
2017-08-29 17:52:34 [main] INFO  o.s.j.e.a.AnnotationMBeanExporter - Located managed bean 'refreshEndpoint': registering with JMX server as MBean [org.springframework.cloud.endpoint:name=refreshEndpoint,type=RefreshEndpoint]
2017-08-29 17:52:34 [main] INFO  o.s.b.a.e.jmx.EndpointMBeanExporter - Registering beans for JMX exposure on startup
2017-08-29 17:52:34 [main] INFO  o.s.b.w.s.c.AnnotationConfigServletWebServerApplicationContext - Refreshing org.springframework.boot.web.servlet.context.AnnotationConfigServletWebServerApplicationContext@7a4f8726: startup date [Tue Aug 29 17:52:34 CST 2017]; parent: org.springframework.boot.web.servlet.context.AnnotationConfigServletWebServerApplicationContext@442d188a
2017-08-29 17:52:34 [main] INFO  o.s.b.f.s.DefaultListableBeanFactory - Overriding bean definition for bean 'handlerExceptionResolver' with a different definition: replacing [Root bean: class [null]; scope=; abstract=false; lazyInit=false; autowireMode=3; dependencyCheck=0; autowireCandidate=true; primary=false; factoryBeanName=org.springframework.web.servlet.config.annotation.DelegatingWebMvcConfiguration; factoryMethodName=handlerExceptionResolver; initMethodName=null; destroyMethodName=(inferred); defined in org.springframework.web.servlet.config.annotation.DelegatingWebMvcConfiguration] with [Root bean: class [null]; scope=; abstract=false; lazyInit=false; autowireMode=3; dependencyCheck=0; autowireCandidate=true; primary=false; factoryBeanName=endpointWebMvcChildContextConfiguration; factoryMethodName=compositeHandlerExceptionResolver; initMethodName=null; destroyMethodName=(inferred); defined in org.springframework.boot.actuate.autoconfigure.EndpointWebMvcChildContextConfiguration]
2017-08-29 17:52:34 [main] INFO  o.s.b.f.a.AutowiredAnnotationBeanPostProcessor - JSR-330 'javax.inject.Inject' annotation found and supported for autowiring
2017-08-29 17:52:34 [main] INFO  o.s.b.w.e.tomcat.TomcatWebServer - Tomcat initialized with port(s): 18009 (http)
2017-08-29 17:52:34 [main] INFO  o.a.catalina.core.StandardService - Starting service [Tomcat]
2017-08-29 17:52:34 [main] INFO  o.a.catalina.core.StandardEngine - Starting Servlet Engine: Apache Tomcat/8.5.16
2017-08-29 17:52:34 [localhost-startStop-1] INFO  o.a.c.c.C.[Tomcat-1].[localhost].[/] - Initializing Spring embedded WebApplicationContext
2017-08-29 17:52:34 [localhost-startStop-1] INFO  o.s.web.context.ContextLoader - Root WebApplicationContext: initialization completed in 262 ms
2017-08-29 17:52:34 [localhost-startStop-1] INFO  o.s.b.w.s.ServletRegistrationBean - Mapping servlet: 'dispatcherServlet' to [/]
2017-08-29 17:52:34 [main] INFO  o.s.b.a.e.mvc.EndpointHandlerMapping - Mapped "{[/application/pause || /application/pause.json],methods=[POST]}" onto public java.lang.Object org.springframework.cloud.endpoint.GenericPostableMvcEndpoint.invoke()
2017-08-29 17:52:34 [main] INFO  o.s.b.a.e.mvc.EndpointHandlerMapping - Mapped "{[/application/resume || /application/resume.json],methods=[POST]}" onto public java.lang.Object org.springframework.cloud.endpoint.GenericPostableMvcEndpoint.invoke()
2017-08-29 17:52:34 [main] INFO  o.s.b.a.e.mvc.EndpointHandlerMapping - Mapped "{[/application/routes || /application/routes.json],methods=[POST]}" onto public java.lang.Object org.springframework.cloud.netflix.zuul.RoutesMvcEndpoint.reset()
2017-08-29 17:52:34 [main] INFO  o.s.b.a.e.mvc.EndpointHandlerMapping - Mapped "{[/application/routes || /application/routes.json],methods=[GET],produces=[application/vnd.spring-boot.actuator.v2+json || application/json]}" onto public java.lang.Object org.springframework.boot.actuate.endpoint.mvc.EndpointMvcAdapter.invoke()
2017-08-29 17:52:34 [main] INFO  o.s.b.a.e.mvc.EndpointHandlerMapping - Mapped "{[/application/metrics/{name:.*}],methods=[GET],produces=[application/vnd.spring-boot.actuator.v2+json || application/json]}" onto public java.lang.Object org.springframework.boot.actuate.endpoint.mvc.MetricsMvcEndpoint.value(java.lang.String)
2017-08-29 17:52:34 [main] INFO  o.s.b.a.e.mvc.EndpointHandlerMapping - Mapped "{[/application/metrics || /application/metrics.json],methods=[GET],produces=[application/vnd.spring-boot.actuator.v2+json || application/json]}" onto public java.lang.Object org.springframework.boot.actuate.endpoint.mvc.EndpointMvcAdapter.invoke()
2017-08-29 17:52:34 [main] INFO  o.s.b.a.e.mvc.EndpointHandlerMapping - Mapped "{[/application/service-registry/instance-status],methods=[GET]}" onto public org.springframework.http.ResponseEntity org.springframework.cloud.client.serviceregistry.endpoint.ServiceRegistryEndpoint.getStatus()
2017-08-29 17:52:34 [main] INFO  o.s.b.a.e.mvc.EndpointHandlerMapping - Mapped "{[/application/service-registry/instance-status],methods=[POST]}" onto public org.springframework.http.ResponseEntity<?> org.springframework.cloud.client.serviceregistry.endpoint.ServiceRegistryEndpoint.setStatus(java.lang.String)
2017-08-29 17:52:34 [main] INFO  o.s.b.a.e.mvc.EndpointHandlerMapping - Mapped "{[/application/shutdown || /application/shutdown.json],methods=[POST],produces=[application/vnd.spring-boot.actuator.v2+json || application/json]}" onto public java.lang.Object org.springframework.boot.actuate.endpoint.mvc.ShutdownMvcEndpoint.invoke()
2017-08-29 17:52:34 [main] INFO  o.s.b.a.e.mvc.EndpointHandlerMapping - Mapped "{[/application/refresh || /application/refresh.json],methods=[POST]}" onto public java.lang.Object org.springframework.cloud.endpoint.GenericPostableMvcEndpoint.invoke()
2017-08-29 17:52:34 [main] INFO  o.s.b.a.e.mvc.EndpointHandlerMapping - Mapped "{[/application/restart || /application/restart.json],methods=[POST]}" onto public java.lang.Object org.springframework.cloud.context.restart.RestartMvcEndpoint.invoke()
2017-08-29 17:52:34 [main] INFO  o.s.b.a.e.mvc.EndpointHandlerMapping - Mapped "{[/application/hystrix.stream/**]}" onto public org.springframework.web.servlet.ModelAndView org.springframework.cloud.netflix.endpoint.ServletWrappingEndpoint.handle(javax.servlet.http.HttpServletRequest,javax.servlet.http.HttpServletResponse) throws java.lang.Exception
2017-08-29 17:52:34 [main] INFO  o.s.b.a.e.mvc.EndpointHandlerMapping - Mapped "{[/application/info || /application/info.json],methods=[GET],produces=[application/vnd.spring-boot.actuator.v2+json || application/json]}" onto public java.lang.Object org.springframework.boot.actuate.endpoint.mvc.EndpointMvcAdapter.invoke()
2017-08-29 17:52:34 [main] INFO  o.s.b.a.e.mvc.EndpointHandlerMapping - Mapped "{[/application/env],methods=[POST]}" onto public java.lang.Object org.springframework.cloud.context.environment.EnvironmentManagerMvcEndpoint.value(java.util.Map<java.lang.String, java.lang.String>)
2017-08-29 17:52:34 [main] INFO  o.s.b.a.e.mvc.EndpointHandlerMapping - Mapped "{[/application/env/reset],methods=[POST]}" onto public java.util.Map<java.lang.String, java.lang.Object> org.springframework.cloud.context.environment.EnvironmentManagerMvcEndpoint.reset()
2017-08-29 17:52:34 [main] INFO  o.s.w.s.m.m.a.RequestMappingHandlerMapping - Mapped "{[/error]}" onto public java.util.Map<java.lang.String, java.lang.Object> org.springframework.boot.actuate.endpoint.mvc.ManagementErrorEndpoint.invoke(org.springframework.web.context.request.ServletWebRequest)
2017-08-29 17:52:34 [main] INFO  o.s.w.s.h.SimpleUrlHandlerMapping - Mapped URL path [/webjars/**] onto handler of type [class org.springframework.web.servlet.resource.ResourceHttpRequestHandler]
2017-08-29 17:52:34 [main] INFO  o.s.w.s.h.SimpleUrlHandlerMapping - Mapped URL path [/**] onto handler of type [class org.springframework.web.servlet.resource.ResourceHttpRequestHandler]
2017-08-29 17:52:34 [main] INFO  o.s.w.s.m.m.a.RequestMappingHandlerAdapter - Looking for @ControllerAdvice: org.springframework.boot.web.servlet.context.AnnotationConfigServletWebServerApplicationContext@7a4f8726: startup date [Tue Aug 29 17:52:34 CST 2017]; parent: org.springframework.boot.web.servlet.context.AnnotationConfigServletWebServerApplicationContext@442d188a
2017-08-29 17:52:35 [main] INFO  o.s.c.n.eureka.InstanceInfoFactory - Setting initial instance status as: STARTING
2017-08-29 17:52:35 [main] INFO  c.netflix.discovery.DiscoveryClient - Initializing Eureka in region us-east-1
2017-08-29 17:52:36 [main] INFO  c.n.d.p.DiscoveryJerseyProvider - Using JSON encoding codec LegacyJacksonJson
2017-08-29 17:52:36 [main] INFO  c.n.d.p.DiscoveryJerseyProvider - Using JSON decoding codec LegacyJacksonJson
2017-08-29 17:52:36 [main] INFO  c.n.d.p.DiscoveryJerseyProvider - Using XML encoding codec XStreamXml
2017-08-29 17:52:36 [main] INFO  c.n.d.p.DiscoveryJerseyProvider - Using XML decoding codec XStreamXml
2017-08-29 17:52:36 [main] INFO  c.n.d.s.r.aws.ConfigClusterResolver - Resolving eureka endpoints via configuration
2017-08-29 17:52:36 [main] INFO  c.netflix.discovery.DiscoveryClient - Disable delta property : false
2017-08-29 17:52:36 [main] INFO  c.netflix.discovery.DiscoveryClient - Single vip registry refresh property : null
2017-08-29 17:52:36 [main] INFO  c.netflix.discovery.DiscoveryClient - Force full registry fetch : false
2017-08-29 17:52:36 [main] INFO  c.netflix.discovery.DiscoveryClient - Application is null : false
2017-08-29 17:52:36 [main] INFO  c.netflix.discovery.DiscoveryClient - Registered Applications size is zero : true
2017-08-29 17:52:36 [main] INFO  c.netflix.discovery.DiscoveryClient - Application version is -1: true
2017-08-29 17:52:36 [main] INFO  c.netflix.discovery.DiscoveryClient - Getting all instance registry info from the eureka server
2017-08-29 17:52:37 [main] INFO  c.netflix.discovery.DiscoveryClient - The response status is 200
2017-08-29 17:52:37 [main] INFO  c.netflix.discovery.DiscoveryClient - Starting heartbeat executor: renew interval is: 30
2017-08-29 17:52:37 [main] INFO  c.n.discovery.InstanceInfoReplicator - InstanceInfoReplicator onDemand update allowed rate per min is 4
2017-08-29 17:52:37 [main] INFO  c.netflix.discovery.DiscoveryClient - Discovery Client initialized at timestamp 1504000357104 with initial instances count: 2
2017-08-29 17:52:37 [main] INFO  o.a.coyote.http11.Http11NioProtocol - Initializing ProtocolHandler ["http-nio-192.168.0.103-18009"]
2017-08-29 17:52:37 [main] INFO  o.a.coyote.http11.Http11NioProtocol - Starting ProtocolHandler ["http-nio-192.168.0.103-18009"]
2017-08-29 17:52:37 [main] INFO  o.a.tomcat.util.net.NioSelectorPool - Using a shared selector for servlet write/read
2017-08-29 17:52:37 [main] INFO  o.s.b.w.e.tomcat.TomcatWebServer - Tomcat started on port(s): 18009 (http)
2017-08-29 17:52:37 [main] INFO  o.s.c.n.e.s.EurekaAutoServiceRegistration - Updating port to 18009
2017-08-29 17:52:37 [main] INFO  o.s.c.n.e.s.EurekaServiceRegistry - Registering application vm-eureka-server-gateway with eureka with status UP
2017-08-29 17:52:37 [main] INFO  c.netflix.discovery.DiscoveryClient - Saw local status change event StatusChangeEvent [timestamp=1504000357345, current=UP, previous=STARTING]
2017-08-29 17:52:37 [DiscoveryClient-InstanceInfoReplicator-0] INFO  c.netflix.discovery.DiscoveryClient - DiscoveryClient_VM-EUREKA-SERVER-GATEWAY/vm-eureka-server-gateway:8009: registering service...
2017-08-29 17:52:37 [main] INFO  o.s.c.s.DefaultLifecycleProcessor - Starting beans in phase 0
2017-08-29 17:52:37 [main] INFO  o.s.b.a.e.jmx.EndpointMBeanExporter - Located managed bean 'infoEndpoint': registering with JMX server as MBean [org.springframework.boot:type=Endpoint,name=infoEndpoint]
2017-08-29 17:52:37 [main] INFO  o.s.b.a.e.jmx.EndpointMBeanExporter - Located managed bean 'metricsEndpoint': registering with JMX server as MBean [org.springframework.boot:type=Endpoint,name=metricsEndpoint]
2017-08-29 17:52:37 [main] INFO  o.s.b.a.e.jmx.EndpointMBeanExporter - Located managed bean 'shutdownEndpoint': registering with JMX server as MBean [org.springframework.boot:type=Endpoint,name=shutdownEndpoint]
2017-08-29 17:52:37 [main] INFO  o.s.c.s.DefaultLifecycleProcessor - Starting beans in phase 2147483647
2017-08-29 17:52:37 [main] INFO  o.s.c.n.h.HystrixCircuitBreakerConfiguration$HystrixMetricsPollerConfiguration - Starting poller
2017-08-29 17:52:37 [main] INFO  o.a.coyote.http11.Http11NioProtocol - Initializing ProtocolHandler ["http-nio-8009"]
2017-08-29 17:52:37 [main] INFO  o.a.coyote.http11.Http11NioProtocol - Starting ProtocolHandler ["http-nio-8009"]
2017-08-29 17:52:37 [main] INFO  o.a.tomcat.util.net.NioSelectorPool - Using a shared selector for servlet write/read
2017-08-29 17:52:37 [DiscoveryClient-InstanceInfoReplicator-0] INFO  c.netflix.discovery.DiscoveryClient - DiscoveryClient_VM-EUREKA-SERVER-GATEWAY/vm-eureka-server-gateway:8009 - registration status: 204
2017-08-29 17:52:37 [main] INFO  o.s.b.w.e.tomcat.TomcatWebServer - Tomcat started on port(s): 8009 (http)
2017-08-29 17:52:37 [main] INFO  org.vm.server.gateway.Application - Started Application in 15.36 seconds (JVM running for 21.705)
2017-08-29 17:53:34 [http-nio-8009-exec-2] INFO  o.a.c.c.C.[Tomcat].[localhost].[/] - Initializing Spring FrameworkServlet 'dispatcherServlet'
2017-08-29 17:53:34 [http-nio-8009-exec-2] INFO  o.s.web.servlet.DispatcherServlet - FrameworkServlet 'dispatcherServlet': initialization started
2017-08-29 17:53:34 [http-nio-8009-exec-2] INFO  o.s.web.servlet.DispatcherServlet - FrameworkServlet 'dispatcherServlet': initialization completed in 47 ms
2017-08-29 17:53:34 [http-nio-8009-exec-2] INFO  o.s.c.n.zuul.web.ZuulHandlerMapping - Mapped URL path [/vm-eureka-server-ad/**] onto handler of type [class org.springframework.cloud.netflix.zuul.web.ZuulController]
2017-08-29 17:53:34 [http-nio-8009-exec-2] INFO  o.s.c.n.zuul.web.ZuulHandlerMapping - Mapped URL path [/vm-eureka-server-cluster/**] onto handler of type [class org.springframework.cloud.netflix.zuul.web.ZuulController]
2017-08-29 17:53:34 [http-nio-8009-exec-2] INFO  o.s.c.a.AnnotationConfigApplicationContext - Refreshing org.springframework.context.annotation.AnnotationConfigApplicationContext@3cd9f02d: startup date [Tue Aug 29 17:53:34 CST 2017]; parent: org.springframework.boot.web.servlet.context.AnnotationConfigServletWebServerApplicationContext@442d188a
2017-08-29 17:53:34 [http-nio-8009-exec-2] INFO  o.s.b.f.a.AutowiredAnnotationBeanPostProcessor - JSR-330 'javax.inject.Inject' annotation found and supported for autowiring
2017-08-29 17:53:34 [http-nio-8009-exec-2] INFO  c.n.config.ChainedDynamicProperty - Flipping property: vm-eureka-server-cluster.ribbon.ActiveConnectionsLimit to use NEXT property: niws.loadbalancer.availabilityFilteringRule.activeConnectionsLimit = 2147483647
2017-08-29 17:53:35 [http-nio-8009-exec-2] INFO  c.n.u.c.ShutdownEnabledTimer - Shutdown hook installed for: NFLoadBalancer-PingTimer-vm-eureka-server-cluster
2017-08-29 17:53:35 [http-nio-8009-exec-2] INFO  c.n.loadbalancer.BaseLoadBalancer - Client: vm-eureka-server-cluster instantiated a LoadBalancer: DynamicServerListLoadBalancer:{NFLoadBalancer:name=vm-eureka-server-cluster,current list of Servers=[],Load balancer stats=Zone stats: {},Server stats: []}ServerList:null
2017-08-29 17:53:35 [http-nio-8009-exec-2] INFO  c.n.l.DynamicServerListLoadBalancer - Using serverListUpdater PollingServerListUpdater
2017-08-29 17:53:35 [http-nio-8009-exec-2] INFO  c.n.config.ChainedDynamicProperty - Flipping property: vm-eureka-server-cluster.ribbon.ActiveConnectionsLimit to use NEXT property: niws.loadbalancer.availabilityFilteringRule.activeConnectionsLimit = 2147483647
2017-08-29 17:53:35 [http-nio-8009-exec-2] INFO  c.n.l.DynamicServerListLoadBalancer - DynamicServerListLoadBalancer for client vm-eureka-server-cluster initialized: DynamicServerListLoadBalancer:{NFLoadBalancer:name=vm-eureka-server-cluster,current list of Servers=[192.168.0.103:80],Load balancer stats=Zone stats: {defaultzone=[Zone:defaultzone;	Instance count:1;	Active connections count: 0;	Circuit breaker tripped count: 0;	Active connections per server: 0.0;]
},Server stats: [[Server:192.168.0.103:80;	Zone:defaultZone;	Total Requests:0;	Successive connection failure:0;	Total blackout seconds:0;	Last connection made:Thu Jan 01 08:00:00 CST 1970;	First connection made: Thu Jan 01 08:00:00 CST 1970;	Active Connections:0;	total failure count in last (1000) msecs:0;	average resp time:0.0;	90 percentile resp time:0.0;	95 percentile resp time:0.0;	min resp time:0.0;	max resp time:0.0;	stddev resp time:0.0]
]}ServerList:org.springframework.cloud.netflix.ribbon.eureka.DomainExtractingServerList@2a73ec56
2017-08-29 17:53:36 [PollingServerListUpdater-0] INFO  c.n.config.ChainedDynamicProperty - Flipping property: vm-eureka-server-cluster.ribbon.ActiveConnectionsLimit to use NEXT property: niws.loadbalancer.availabilityFilteringRule.activeConnectionsLimit = 2147483647
