2017-08-29 17:37:35 [main] INFO  o.s.c.a.AnnotationConfigApplicationContext - Refreshing org.springframework.context.annotation.AnnotationConfigApplicationContext@7322e380: startup date [Tue Aug 29 17:37:35 CST 2017]; root of context hierarchy
2017-08-29 17:37:35 [main] INFO  o.s.b.f.a.AutowiredAnnotationBeanPostProcessor - JSR-330 'javax.inject.Inject' annotation found and supported for autowiring
2017-08-29 17:37:35 [background-preinit] INFO  o.h.validator.internal.util.Version - HV000001: Hibernate Validator 5.4.1.Final
2017-08-29 17:37:35 [main] INFO  o.s.c.s.PostProcessorRegistrationDelegate$BeanPostProcessorChecker - Bean 'configurationPropertiesRebinderAutoConfiguration' of type [org.springframework.cloud.autoconfigure.ConfigurationPropertiesRebinderAutoConfiguration$$EnhancerBySpringCGLIB$$2ad29349] is not eligible for getting processed by all BeanPostProcessors (for example: not eligible for auto-proxying)
2017-08-29 17:37:36 [main] INFO  org.vm.server.ad.Application - The following profiles are active: dev
2017-08-29 17:37:36 [main] INFO  o.s.b.w.s.c.AnnotationConfigServletWebServerApplicationContext - Refreshing org.springframework.boot.web.servlet.context.AnnotationConfigServletWebServerApplicationContext@59aae31e: startup date [Tue Aug 29 17:37:36 CST 2017]; parent: org.springframework.context.annotation.AnnotationConfigApplicationContext@7322e380
2017-08-29 17:37:38 [main] INFO  o.s.cloud.context.scope.GenericScope - BeanFactory id=3421c2cb-4c98-373b-9e58-f4b3033f3841
2017-08-29 17:37:38 [main] INFO  o.s.b.f.a.AutowiredAnnotationBeanPostProcessor - JSR-330 'javax.inject.Inject' annotation found and supported for autowiring
2017-08-29 17:37:38 [main] INFO  o.s.c.s.PostProcessorRegistrationDelegate$BeanPostProcessorChecker - Bean 'org.springframework.cloud.netflix.metrics.MetricsInterceptorConfiguration$MetricsRestTemplateConfiguration' of type [org.springframework.cloud.netflix.metrics.MetricsInterceptorConfiguration$MetricsRestTemplateConfiguration$$EnhancerBySpringCGLIB$$40e5368d] is not eligible for getting processed by all BeanPostProcessors (for example: not eligible for auto-proxying)
2017-08-29 17:37:38 [main] INFO  o.s.c.s.PostProcessorRegistrationDelegate$BeanPostProcessorChecker - Bean 'org.springframework.cloud.autoconfigure.ConfigurationPropertiesRebinderAutoConfiguration' of type [org.springframework.cloud.autoconfigure.ConfigurationPropertiesRebinderAutoConfiguration$$EnhancerBySpringCGLIB$$2ad29349] is not eligible for getting processed by all BeanPostProcessors (for example: not eligible for auto-proxying)
2017-08-29 17:37:39 [main] INFO  o.s.b.w.e.tomcat.TomcatWebServer - Tomcat initialized with port(s): 8001 (http)
2017-08-29 17:37:39 [main] INFO  o.a.catalina.core.StandardService - Starting service [Tomcat]
2017-08-29 17:37:39 [main] INFO  o.a.catalina.core.StandardEngine - Starting Servlet Engine: Apache Tomcat/8.5.16
2017-08-29 17:37:39 [localhost-startStop-1] INFO  o.a.c.c.C.[Tomcat].[localhost].[/] - Initializing Spring embedded WebApplicationContext
2017-08-29 17:37:39 [localhost-startStop-1] INFO  o.s.web.context.ContextLoader - Root WebApplicationContext: initialization completed in 2798 ms
2017-08-29 17:37:39 [localhost-startStop-1] INFO  o.s.b.w.s.ServletRegistrationBean - Mapping servlet: 'dispatcherServlet' to [/]
2017-08-29 17:37:39 [localhost-startStop-1] INFO  o.s.b.w.s.FilterRegistrationBean - Mapping filter: 'metricsFilter' to: [/*]
2017-08-29 17:37:39 [localhost-startStop-1] INFO  o.s.b.w.s.FilterRegistrationBean - Mapping filter: 'characterEncodingFilter' to: [/*]
2017-08-29 17:37:39 [localhost-startStop-1] INFO  o.s.b.w.s.FilterRegistrationBean - Mapping filter: 'hiddenHttpMethodFilter' to: [/*]
2017-08-29 17:37:39 [localhost-startStop-1] INFO  o.s.b.w.s.FilterRegistrationBean - Mapping filter: 'httpPutFormContentFilter' to: [/*]
2017-08-29 17:37:39 [localhost-startStop-1] INFO  o.s.b.w.s.FilterRegistrationBean - Mapping filter: 'requestContextFilter' to: [/*]
2017-08-29 17:37:39 [localhost-startStop-1] INFO  o.s.b.w.s.FilterRegistrationBean - Mapping filter: 'webRequestLoggingFilter' to: [/*]
2017-08-29 17:37:40 [main] WARN  c.n.c.sources.URLConfigurationSource - No URLs will be polled as dynamic configuration sources.
2017-08-29 17:37:40 [main] INFO  c.n.c.sources.URLConfigurationSource - To enable URLs as dynamic configuration sources, define System property archaius.configurationSource.additionalUrls or make config.properties available on classpath.
2017-08-29 17:37:40 [main] WARN  c.n.c.sources.URLConfigurationSource - No URLs will be polled as dynamic configuration sources.
2017-08-29 17:37:40 [main] INFO  c.n.c.sources.URLConfigurationSource - To enable URLs as dynamic configuration sources, define System property archaius.configurationSource.additionalUrls or make config.properties available on classpath.
2017-08-29 17:37:40 [main] INFO  o.s.w.s.m.m.a.RequestMappingHandlerAdapter - Looking for @ControllerAdvice: org.springframework.boot.web.servlet.context.AnnotationConfigServletWebServerApplicationContext@59aae31e: startup date [Tue Aug 29 17:37:36 CST 2017]; parent: org.springframework.context.annotation.AnnotationConfigApplicationContext@7322e380
2017-08-29 17:37:41 [main] INFO  o.s.w.s.m.m.a.RequestMappingHandlerMapping - Mapped "{[/test],methods=[GET]}" onto public java.lang.String org.vm.server.ad.Application.test()
2017-08-29 17:37:41 [main] INFO  o.s.w.s.m.m.a.RequestMappingHandlerMapping - Mapped "{[/error]}" onto public org.springframework.http.ResponseEntity<java.util.Map<java.lang.String, java.lang.Object>> org.springframework.boot.autoconfigure.web.servlet.error.BasicErrorController.error(javax.servlet.http.HttpServletRequest)
2017-08-29 17:37:41 [main] INFO  o.s.w.s.m.m.a.RequestMappingHandlerMapping - Mapped "{[/error],produces=[text/html]}" onto public org.springframework.web.servlet.ModelAndView org.springframework.boot.autoconfigure.web.servlet.error.BasicErrorController.errorHtml(javax.servlet.http.HttpServletRequest,javax.servlet.http.HttpServletResponse)
2017-08-29 17:37:41 [main] INFO  o.s.w.s.h.SimpleUrlHandlerMapping - Mapped URL path [/webjars/**] onto handler of type [class org.springframework.web.servlet.resource.ResourceHttpRequestHandler]
2017-08-29 17:37:41 [main] INFO  o.s.w.s.h.SimpleUrlHandlerMapping - Mapped URL path [/**] onto handler of type [class org.springframework.web.servlet.resource.ResourceHttpRequestHandler]
2017-08-29 17:37:41 [main] INFO  o.s.w.s.h.SimpleUrlHandlerMapping - Mapped URL path [/**/favicon.ico] onto handler of type [class org.springframework.web.servlet.resource.ResourceHttpRequestHandler]
2017-08-29 17:37:43 [main] INFO  o.s.j.e.a.AnnotationMBeanExporter - Registering beans for JMX exposure on startup
2017-08-29 17:37:43 [main] INFO  o.s.j.e.a.AnnotationMBeanExporter - Bean with name 'environmentManager' has been autodetected for JMX exposure
2017-08-29 17:37:43 [main] INFO  o.s.j.e.a.AnnotationMBeanExporter - Bean with name 'configurationPropertiesRebinder' has been autodetected for JMX exposure
2017-08-29 17:37:43 [main] INFO  o.s.j.e.a.AnnotationMBeanExporter - Bean with name 'refreshEndpoint' has been autodetected for JMX exposure
2017-08-29 17:37:43 [main] INFO  o.s.j.e.a.AnnotationMBeanExporter - Bean with name 'restartEndpoint' has been autodetected for JMX exposure
2017-08-29 17:37:43 [main] INFO  o.s.j.e.a.AnnotationMBeanExporter - Bean with name 'serviceRegistryEndpoint' has been autodetected for JMX exposure
2017-08-29 17:37:43 [main] INFO  o.s.j.e.a.AnnotationMBeanExporter - Bean with name 'refreshScope' has been autodetected for JMX exposure
2017-08-29 17:37:43 [main] INFO  o.s.j.e.a.AnnotationMBeanExporter - Located managed bean 'environmentManager': registering with JMX server as MBean [org.springframework.cloud.context.environment:name=environmentManager,type=EnvironmentManager]
2017-08-29 17:37:43 [main] INFO  o.s.j.e.a.AnnotationMBeanExporter - Located managed bean 'restartEndpoint': registering with JMX server as MBean [org.springframework.cloud.context.restart:name=restartEndpoint,type=RestartEndpoint]
2017-08-29 17:37:43 [main] INFO  o.s.j.e.a.AnnotationMBeanExporter - Located managed bean 'serviceRegistryEndpoint': registering with JMX server as MBean [org.springframework.cloud.client.serviceregistry.endpoint:name=serviceRegistryEndpoint,type=ServiceRegistryEndpoint]
2017-08-29 17:37:43 [main] INFO  o.s.j.e.a.AnnotationMBeanExporter - Located managed bean 'refreshScope': registering with JMX server as MBean [org.springframework.cloud.context.scope.refresh:name=refreshScope,type=RefreshScope]
2017-08-29 17:37:43 [main] INFO  o.s.j.e.a.AnnotationMBeanExporter - Located managed bean 'configurationPropertiesRebinder': registering with JMX server as MBean [org.springframework.cloud.context.properties:name=configurationPropertiesRebinder,context=59aae31e,type=ConfigurationPropertiesRebinder]
2017-08-29 17:37:43 [main] INFO  o.s.j.e.a.AnnotationMBeanExporter - Located managed bean 'refreshEndpoint': registering with JMX server as MBean [org.springframework.cloud.endpoint:name=refreshEndpoint,type=RefreshEndpoint]
2017-08-29 17:37:43 [main] INFO  o.s.b.a.e.jmx.EndpointMBeanExporter - Registering beans for JMX exposure on startup
2017-08-29 17:37:43 [main] INFO  o.s.b.w.s.c.AnnotationConfigServletWebServerApplicationContext - Refreshing org.springframework.boot.web.servlet.context.AnnotationConfigServletWebServerApplicationContext@547f259e: startup date [Tue Aug 29 17:37:43 CST 2017]; parent: org.springframework.boot.web.servlet.context.AnnotationConfigServletWebServerApplicationContext@59aae31e
2017-08-29 17:37:43 [main] INFO  o.s.b.f.s.DefaultListableBeanFactory - Overriding bean definition for bean 'handlerExceptionResolver' with a different definition: replacing [Root bean: class [null]; scope=; abstract=false; lazyInit=false; autowireMode=3; dependencyCheck=0; autowireCandidate=true; primary=false; factoryBeanName=org.springframework.web.servlet.config.annotation.DelegatingWebMvcConfiguration; factoryMethodName=handlerExceptionResolver; initMethodName=null; destroyMethodName=(inferred); defined in org.springframework.web.servlet.config.annotation.DelegatingWebMvcConfiguration] with [Root bean: class [null]; scope=; abstract=false; lazyInit=false; autowireMode=3; dependencyCheck=0; autowireCandidate=true; primary=false; factoryBeanName=endpointWebMvcChildContextConfiguration; factoryMethodName=compositeHandlerExceptionResolver; initMethodName=null; destroyMethodName=(inferred); defined in org.springframework.boot.actuate.autoconfigure.EndpointWebMvcChildContextConfiguration]
2017-08-29 17:37:43 [main] INFO  o.s.b.f.a.AutowiredAnnotationBeanPostProcessor - JSR-330 'javax.inject.Inject' annotation found and supported for autowiring
2017-08-29 17:37:43 [main] INFO  o.s.b.w.e.tomcat.TomcatWebServer - Tomcat initialized with port(s): 18001 (http)
2017-08-29 17:37:43 [main] INFO  o.a.catalina.core.StandardService - Starting service [Tomcat]
2017-08-29 17:37:43 [main] INFO  o.a.catalina.core.StandardEngine - Starting Servlet Engine: Apache Tomcat/8.5.16
2017-08-29 17:37:43 [localhost-startStop-1] INFO  o.a.c.c.C.[Tomcat-1].[localhost].[/] - Initializing Spring embedded WebApplicationContext
2017-08-29 17:37:43 [localhost-startStop-1] INFO  o.s.web.context.ContextLoader - Root WebApplicationContext: initialization completed in 192 ms
2017-08-29 17:37:43 [localhost-startStop-1] INFO  o.s.b.w.s.ServletRegistrationBean - Mapping servlet: 'dispatcherServlet' to [/]
2017-08-29 17:37:43 [main] INFO  o.s.b.a.e.mvc.EndpointHandlerMapping - Mapped "{[/application/pause || /application/pause.json],methods=[POST]}" onto public java.lang.Object org.springframework.cloud.endpoint.GenericPostableMvcEndpoint.invoke()
2017-08-29 17:37:43 [main] INFO  o.s.b.a.e.mvc.EndpointHandlerMapping - Mapped "{[/application/resume || /application/resume.json],methods=[POST]}" onto public java.lang.Object org.springframework.cloud.endpoint.GenericPostableMvcEndpoint.invoke()
2017-08-29 17:37:43 [main] INFO  o.s.b.a.e.mvc.EndpointHandlerMapping - Mapped "{[/application/metrics/{name:.*}],methods=[GET],produces=[application/vnd.spring-boot.actuator.v2+json || application/json]}" onto public java.lang.Object org.springframework.boot.actuate.endpoint.mvc.MetricsMvcEndpoint.value(java.lang.String)
2017-08-29 17:37:43 [main] INFO  o.s.b.a.e.mvc.EndpointHandlerMapping - Mapped "{[/application/metrics || /application/metrics.json],methods=[GET],produces=[application/vnd.spring-boot.actuator.v2+json || application/json]}" onto public java.lang.Object org.springframework.boot.actuate.endpoint.mvc.EndpointMvcAdapter.invoke()
2017-08-29 17:37:43 [main] INFO  o.s.b.a.e.mvc.EndpointHandlerMapping - Mapped "{[/application/shutdown || /application/shutdown.json],methods=[POST],produces=[application/vnd.spring-boot.actuator.v2+json || application/json]}" onto public java.lang.Object org.springframework.boot.actuate.endpoint.mvc.ShutdownMvcEndpoint.invoke()
2017-08-29 17:37:43 [main] INFO  o.s.b.a.e.mvc.EndpointHandlerMapping - Mapped "{[/application/info || /application/info.json],methods=[GET],produces=[application/vnd.spring-boot.actuator.v2+json || application/json]}" onto public java.lang.Object org.springframework.boot.actuate.endpoint.mvc.EndpointMvcAdapter.invoke()
2017-08-29 17:37:43 [main] INFO  o.s.b.a.e.mvc.EndpointHandlerMapping - Mapped "{[/application/restart || /application/restart.json],methods=[POST]}" onto public java.lang.Object org.springframework.cloud.context.restart.RestartMvcEndpoint.invoke()
2017-08-29 17:37:43 [main] INFO  o.s.b.a.e.mvc.EndpointHandlerMapping - Mapped "{[/application/refresh || /application/refresh.json],methods=[POST]}" onto public java.lang.Object org.springframework.cloud.endpoint.GenericPostableMvcEndpoint.invoke()
2017-08-29 17:37:43 [main] INFO  o.s.b.a.e.mvc.EndpointHandlerMapping - Mapped "{[/application/env],methods=[POST]}" onto public java.lang.Object org.springframework.cloud.context.environment.EnvironmentManagerMvcEndpoint.value(java.util.Map<java.lang.String, java.lang.String>)
2017-08-29 17:37:43 [main] INFO  o.s.b.a.e.mvc.EndpointHandlerMapping - Mapped "{[/application/env/reset],methods=[POST]}" onto public java.util.Map<java.lang.String, java.lang.Object> org.springframework.cloud.context.environment.EnvironmentManagerMvcEndpoint.reset()
2017-08-29 17:37:43 [main] INFO  o.s.b.a.e.mvc.EndpointHandlerMapping - Mapped "{[/application/service-registry/instance-status],methods=[GET]}" onto public org.springframework.http.ResponseEntity org.springframework.cloud.client.serviceregistry.endpoint.ServiceRegistryEndpoint.getStatus()
2017-08-29 17:37:43 [main] INFO  o.s.b.a.e.mvc.EndpointHandlerMapping - Mapped "{[/application/service-registry/instance-status],methods=[POST]}" onto public org.springframework.http.ResponseEntity<?> org.springframework.cloud.client.serviceregistry.endpoint.ServiceRegistryEndpoint.setStatus(java.lang.String)
2017-08-29 17:37:43 [main] INFO  o.s.w.s.m.m.a.RequestMappingHandlerMapping - Mapped "{[/error]}" onto public java.util.Map<java.lang.String, java.lang.Object> org.springframework.boot.actuate.endpoint.mvc.ManagementErrorEndpoint.invoke(org.springframework.web.context.request.ServletWebRequest)
2017-08-29 17:37:43 [main] INFO  o.s.w.s.h.SimpleUrlHandlerMapping - Mapped URL path [/webjars/**] onto handler of type [class org.springframework.web.servlet.resource.ResourceHttpRequestHandler]
2017-08-29 17:37:43 [main] INFO  o.s.w.s.h.SimpleUrlHandlerMapping - Mapped URL path [/**] onto handler of type [class org.springframework.web.servlet.resource.ResourceHttpRequestHandler]
2017-08-29 17:37:43 [main] INFO  o.s.w.s.m.m.a.RequestMappingHandlerAdapter - Looking for @ControllerAdvice: org.springframework.boot.web.servlet.context.AnnotationConfigServletWebServerApplicationContext@547f259e: startup date [Tue Aug 29 17:37:43 CST 2017]; parent: org.springframework.boot.web.servlet.context.AnnotationConfigServletWebServerApplicationContext@59aae31e
2017-08-29 17:37:43 [main] INFO  o.a.coyote.http11.Http11NioProtocol - Initializing ProtocolHandler ["http-nio-192.168.0.103-18001"]
2017-08-29 17:37:43 [main] INFO  o.a.coyote.http11.Http11NioProtocol - Starting ProtocolHandler ["http-nio-192.168.0.103-18001"]
2017-08-29 17:37:43 [main] INFO  o.a.tomcat.util.net.NioSelectorPool - Using a shared selector for servlet write/read
2017-08-29 17:37:43 [main] INFO  o.s.b.w.e.tomcat.TomcatWebServer - Tomcat started on port(s): 18001 (http)
2017-08-29 17:37:43 [main] INFO  o.s.c.n.e.s.EurekaAutoServiceRegistration - Updating port to 18001
2017-08-29 17:37:43 [main] INFO  o.s.c.n.eureka.InstanceInfoFactory - Setting initial instance status as: STARTING
2017-08-29 17:37:43 [main] INFO  c.netflix.discovery.DiscoveryClient - Initializing Eureka in region us-east-1
2017-08-29 17:37:44 [main] INFO  c.n.d.p.DiscoveryJerseyProvider - Using JSON encoding codec LegacyJacksonJson
2017-08-29 17:37:44 [main] INFO  c.n.d.p.DiscoveryJerseyProvider - Using JSON decoding codec LegacyJacksonJson
2017-08-29 17:37:44 [main] INFO  c.n.d.p.DiscoveryJerseyProvider - Using XML encoding codec XStreamXml
2017-08-29 17:37:44 [main] INFO  c.n.d.p.DiscoveryJerseyProvider - Using XML decoding codec XStreamXml
2017-08-29 17:37:44 [main] INFO  c.n.d.s.r.aws.ConfigClusterResolver - Resolving eureka endpoints via configuration
2017-08-29 17:37:45 [main] INFO  c.netflix.discovery.DiscoveryClient - Disable delta property : false
2017-08-29 17:37:45 [main] INFO  c.netflix.discovery.DiscoveryClient - Single vip registry refresh property : null
2017-08-29 17:37:45 [main] INFO  c.netflix.discovery.DiscoveryClient - Force full registry fetch : false
2017-08-29 17:37:45 [main] INFO  c.netflix.discovery.DiscoveryClient - Application is null : false
2017-08-29 17:37:45 [main] INFO  c.netflix.discovery.DiscoveryClient - Registered Applications size is zero : true
2017-08-29 17:37:45 [main] INFO  c.netflix.discovery.DiscoveryClient - Application version is -1: true
2017-08-29 17:37:45 [main] INFO  c.netflix.discovery.DiscoveryClient - Getting all instance registry info from the eureka server
2017-08-29 17:37:45 [main] INFO  c.netflix.discovery.DiscoveryClient - The response status is 200
2017-08-29 17:37:45 [main] INFO  c.netflix.discovery.DiscoveryClient - Starting heartbeat executor: renew interval is: 30
2017-08-29 17:37:45 [main] INFO  c.n.discovery.InstanceInfoReplicator - InstanceInfoReplicator onDemand update allowed rate per min is 4
2017-08-29 17:37:45 [main] INFO  c.netflix.discovery.DiscoveryClient - Discovery Client initialized at timestamp 1503999465451 with initial instances count: 0
2017-08-29 17:37:45 [main] INFO  o.s.c.n.e.s.EurekaServiceRegistry - Registering application vm-eureka-server-ad with eureka with status UP
2017-08-29 17:37:45 [main] INFO  c.netflix.discovery.DiscoveryClient - Saw local status change event StatusChangeEvent [timestamp=1503999465535, current=UP, previous=STARTING]
2017-08-29 17:37:45 [DiscoveryClient-InstanceInfoReplicator-0] INFO  c.netflix.discovery.DiscoveryClient - DiscoveryClient_VM-EUREKA-SERVER-AD/vm-eureka-server-ad:8001: registering service...
2017-08-29 17:37:45 [main] INFO  o.s.c.s.DefaultLifecycleProcessor - Starting beans in phase 0
2017-08-29 17:37:45 [main] INFO  o.s.b.a.e.jmx.EndpointMBeanExporter - Located managed bean 'infoEndpoint': registering with JMX server as MBean [org.springframework.boot:type=Endpoint,name=infoEndpoint]
2017-08-29 17:37:46 [main] INFO  o.s.b.a.e.jmx.EndpointMBeanExporter - Located managed bean 'metricsEndpoint': registering with JMX server as MBean [org.springframework.boot:type=Endpoint,name=metricsEndpoint]
2017-08-29 17:37:46 [main] INFO  o.s.b.a.e.jmx.EndpointMBeanExporter - Located managed bean 'shutdownEndpoint': registering with JMX server as MBean [org.springframework.boot:type=Endpoint,name=shutdownEndpoint]
2017-08-29 17:37:46 [main] INFO  o.a.coyote.http11.Http11NioProtocol - Initializing ProtocolHandler ["http-nio-8001"]
2017-08-29 17:37:46 [main] INFO  o.a.coyote.http11.Http11NioProtocol - Starting ProtocolHandler ["http-nio-8001"]
2017-08-29 17:37:46 [main] INFO  o.a.tomcat.util.net.NioSelectorPool - Using a shared selector for servlet write/read
2017-08-29 17:37:46 [main] INFO  o.s.b.w.e.tomcat.TomcatWebServer - Tomcat started on port(s): 8001 (http)
2017-08-29 17:37:46 [main] INFO  org.vm.server.ad.Application - Started Application in 12.065 seconds (JVM running for 16.86)
2017-08-29 17:37:46 [DiscoveryClient-InstanceInfoReplicator-0] INFO  c.netflix.discovery.DiscoveryClient - DiscoveryClient_VM-EUREKA-SERVER-AD/vm-eureka-server-ad:8001 - registration status: 204
2017-08-29 17:37:57 [http-nio-192.168.0.103-18001-exec-1] INFO  o.a.c.c.C.[Tomcat-1].[localhost].[/] - Initializing Spring FrameworkServlet 'dispatcherServlet'
2017-08-29 17:37:57 [http-nio-192.168.0.103-18001-exec-1] INFO  o.s.web.servlet.DispatcherServlet - FrameworkServlet 'dispatcherServlet': initialization started
2017-08-29 17:37:57 [http-nio-192.168.0.103-18001-exec-1] INFO  o.s.web.servlet.DispatcherServlet - FrameworkServlet 'dispatcherServlet': initialization completed in 39 ms
2017-08-29 17:38:12 [http-nio-8001-exec-1] INFO  o.a.c.c.C.[Tomcat].[localhost].[/] - Initializing Spring FrameworkServlet 'dispatcherServlet'
2017-08-29 17:38:12 [http-nio-8001-exec-1] INFO  o.s.web.servlet.DispatcherServlet - FrameworkServlet 'dispatcherServlet': initialization started
2017-08-29 17:38:12 [http-nio-8001-exec-1] INFO  o.s.web.servlet.DispatcherServlet - FrameworkServlet 'dispatcherServlet': initialization completed in 15 ms
2017-08-29 17:38:15 [DiscoveryClient-CacheRefreshExecutor-0] INFO  c.netflix.discovery.DiscoveryClient - Disable delta property : false
2017-08-29 17:38:15 [DiscoveryClient-CacheRefreshExecutor-0] INFO  c.netflix.discovery.DiscoveryClient - Single vip registry refresh property : null
2017-08-29 17:38:15 [DiscoveryClient-CacheRefreshExecutor-0] INFO  c.netflix.discovery.DiscoveryClient - Force full registry fetch : false
2017-08-29 17:38:15 [DiscoveryClient-CacheRefreshExecutor-0] INFO  c.netflix.discovery.DiscoveryClient - Application is null : false
2017-08-29 17:38:15 [DiscoveryClient-CacheRefreshExecutor-0] INFO  c.netflix.discovery.DiscoveryClient - Registered Applications size is zero : true
2017-08-29 17:38:15 [DiscoveryClient-CacheRefreshExecutor-0] INFO  c.netflix.discovery.DiscoveryClient - Application version is -1: false
2017-08-29 17:38:15 [DiscoveryClient-CacheRefreshExecutor-0] INFO  c.netflix.discovery.DiscoveryClient - Getting all instance registry info from the eureka server
2017-08-29 17:38:15 [DiscoveryClient-CacheRefreshExecutor-0] INFO  c.netflix.discovery.DiscoveryClient - The response status is 200
2017-08-29 17:42:45 [AsyncResolver-bootstrap-executor-0] INFO  c.n.d.s.r.aws.ConfigClusterResolver - Resolving eureka endpoints via configuration
2017-08-29 17:47:45 [AsyncResolver-bootstrap-executor-0] INFO  c.n.d.s.r.aws.ConfigClusterResolver - Resolving eureka endpoints via configuration
2017-08-29 17:52:45 [AsyncResolver-bootstrap-executor-0] INFO  c.n.d.s.r.aws.ConfigClusterResolver - Resolving eureka endpoints via configuration
